EyeVis-Android App/gradleBuild/outputs/logs/manifest-merger-debug-report.txt
-- Merging decision tree log ---
manifest
ADDED from Lazy_dudes\android\AndroidManifest.xml:16:1-70:12
MERGED from [org.tensorflow:tensorflow-android:1.5.0-rc1] AndroidManifest.xml:2:1-8:12
MERGED from [com.google.android.gms:play-services-vision:9.8.0] AndroidManifest.xml:2:1-5:12
MERGED from [com.android.support:appcompat-v7:25.1.0] AndroidManifest.xml:17:1-27:12
MERGED from [com.android.support.constraint:constraint-layout:1.0.2] AndroidManifest.xml:2:1-11:12
MERGED from [com.google.android.gms:play-services-base:9.8.0] AndroidManifest.xml:16:1-21:12
MERGED from [com.google.android.gms:play-services-tasks:9.8.0] AndroidManifest.xml:2:1-5:12
MERGED from [com.google.android.gms:play-services-basement:9.8.0] AndroidManifest.xml:16:1-23:12
MERGED from [com.android.support:animated-vector-drawable:25.1.0] AndroidManifest.xml:17:1-24:12
MERGED from [com.android.support:support-vector-drawable:25.1.0] AndroidManifest.xml:17:1-25:12
MERGED from [com.android.support:support-v4:25.1.0] AndroidManifest.xml:17:1-27:12
MERGED from [com.android.support:support-fragment:25.1.0] AndroidManifest.xml:17:1-27:12
MERGED from [com.android.support:support-media-compat:25.1.0] AndroidManifest.xml:17:1-27:12
MERGED from [com.android.support:support-core-utils:25.1.0] AndroidManifest.xml:17:1-27:12
MERGED from [com.android.support:support-core-ui:25.1.0] AndroidManifest.xml:17:1-27:12
MERGED from [com.android.support:support-compat:25.1.0] AndroidManifest.xml:17:1-27:12
	package
		ADDED from Lazy_dudes\android\AndroidManifest.xml:17:5-34
	xmlns:android
		ADDED from Lazy_dudes\android\AndroidManifest.xml:16:11-69
uses-sdk
ADDED from Lazy_dudes\android\AndroidManifest.xml:19:5-21:41
MERGED from [com.google.android.gms:play-services-vision:9.8.0] AndroidManifest.xml:3:5-42
MERGED from [com.google.android.gms:play-services-vision:9.8.0] AndroidManifest.xml:3:5-42
MERGED from [com.android.support:appcompat-v7:25.1.0] AndroidManifest.xml:21:5-23:78
MERGED from [com.android.support:appcompat-v7:25.1.0] AndroidManifest.xml:21:5-23:78
MERGED from [com.android.support.constraint:constraint-layout:1.0.2] AndroidManifest.xml:5:5-7:41
MERGED from [com.android.support.constraint:constraint-layout:1.0.2] AndroidManifest.xml:5:5-7:41
MERGED from [com.google.android.gms:play-services-base:9.8.0] AndroidManifest.xml:17:5-42
MERGED from [com.google.android.gms:play-services-base:9.8.0] AndroidManifest.xml:17:5-42
MERGED from [com.google.android.gms:play-services-tasks:9.8.0] AndroidManifest.xml:3:5-42
MERGED from [com.google.android.gms:play-services-tasks:9.8.0] AndroidManifest.xml:3:5-42
MERGED from [com.google.android.gms:play-services-basement:9.8.0] AndroidManifest.xml:17:5-42
MERGED from [com.google.android.gms:play-services-basement:9.8.0] AndroidManifest.xml:17:5-42
MERGED from [com.android.support:animated-vector-drawable:25.1.0] AndroidManifest.xml:20:5-44
MERGED from [com.android.support:animated-vector-drawable:25.1.0] AndroidManifest.xml:20:5-44
MERGED from [com.android.support:support-vector-drawable:25.1.0] AndroidManifest.xml:21:5-43
MERGED from [com.android.support:support-vector-drawable:25.1.0] AndroidManifest.xml:21:5-43
MERGED from [com.android.support:support-v4:25.1.0] AndroidManifest.xml:21:5-23:54
MERGED from [com.android.support:support-v4:25.1.0] AndroidManifest.xml:21:5-23:54
MERGED from [com.android.support:support-fragment:25.1.0] AndroidManifest.xml:21:5-23:60
MERGED from [com.android.support:support-fragment:25.1.0] AndroidManifest.xml:21:5-23:60
MERGED from [com.android.support:support-media-compat:25.1.0] AndroidManifest.xml:21:5-23:63
MERGED from [com.android.support:support-media-compat:25.1.0] AndroidManifest.xml:21:5-23:63
MERGED from [com.android.support:support-core-utils:25.1.0] AndroidManifest.xml:21:5-23:61
MERGED from [com.android.support:support-core-utils:25.1.0] AndroidManifest.xml:21:5-23:61
MERGED from [com.android.support:support-core-ui:25.1.0] AndroidManifest.xml:21:5-23:58
MERGED from [com.android.support:support-core-ui:25.1.0] AndroidManifest.xml:21:5-23:58
MERGED from [com.android.support:support-compat:25.1.0] AndroidManifest.xml:21:5-23:58
MERGED from [com.android.support:support-compat:25.1.0] AndroidManifest.xml:21:5-23:58
	tools:overrideLibrary
		ADDED from [com.android.support:appcompat-v7:25.1.0] AndroidManifest.xml:23:9-75
	android:targetSdkVersion
		ADDED from Lazy_dudes\android\AndroidManifest.xml:21:9-38
	android:minSdkVersion
		ADDED from Lazy_dudes\android\AndroidManifest.xml:20:9-35
uses-permission#android.permission.CAMERA
ADDED from Lazy_dudes\android\AndroidManifest.xml:23:5-65
	android:name
		ADDED from Lazy_dudes\android\AndroidManifest.xml:23:22-62
uses-feature#android.hardware.camera
ADDED from Lazy_dudes\android\AndroidManifest.xml:25:5-60
	android:name
		ADDED from Lazy_dudes\android\AndroidManifest.xml:25:19-57
uses-feature#android.hardware.camera.autofocus
ADDED from Lazy_dudes\android\AndroidManifest.xml:26:5-70
	android:name
		ADDED from Lazy_dudes\android\AndroidManifest.xml:26:19-67
uses-permission#android.permission.WRITE_EXTERNAL_STORAGE
ADDED from Lazy_dudes\android\AndroidManifest.xml:28:5-81
	android:name
		ADDED from Lazy_dudes\android\AndroidManifest.xml:28:22-78
uses-permission#android.permission.RECORD_AUDIO
ADDED from Lazy_dudes\android\AndroidManifest.xml:29:5-71
	android:name
		ADDED from Lazy_dudes\android\AndroidManifest.xml:29:22-68
uses-permission#android.permission.READ_PHONE_STATE
ADDED from Lazy_dudes\android\AndroidManifest.xml:30:5-75
	android:name
		ADDED from Lazy_dudes\android\AndroidManifest.xml:30:22-72
uses-permission#android.permission.READ_EXTERNAL_STORAGE
ADDED from Lazy_dudes\android\AndroidManifest.xml:31:5-80
	android:name
		ADDED from Lazy_dudes\android\AndroidManifest.xml:31:22-77
application
ADDED from Lazy_dudes\android\AndroidManifest.xml:33:5-68:19
MERGED from [org.tensorflow:tensorflow-android:1.5.0-rc1] AndroidManifest.xml:5:5-6:19
MERGED from [org.tensorflow:tensorflow-android:1.5.0-rc1] AndroidManifest.xml:5:5-6:19
MERGED from [com.google.android.gms:play-services-vision:9.8.0] AndroidManifest.xml:4:5-19
MERGED from [com.google.android.gms:play-services-vision:9.8.0] AndroidManifest.xml:4:5-19
MERGED from [com.android.support:appcompat-v7:25.1.0] AndroidManifest.xml:25:5-20
MERGED from [com.android.support:appcompat-v7:25.1.0] AndroidManifest.xml:25:5-20
MERGED from [com.android.support.constraint:constraint-layout:1.0.2] AndroidManifest.xml:9:5-20
MERGED from [com.android.support.constraint:constraint-layout:1.0.2] AndroidManifest.xml:9:5-20
MERGED from [com.google.android.gms:play-services-base:9.8.0] AndroidManifest.xml:18:5-20:19
MERGED from [com.google.android.gms:play-services-base:9.8.0] AndroidManifest.xml:18:5-20:19
MERGED from [com.google.android.gms:play-services-tasks:9.8.0] AndroidManifest.xml:4:5-19
MERGED from [com.google.android.gms:play-services-tasks:9.8.0] AndroidManifest.xml:4:5-19
MERGED from [com.google.android.gms:play-services-basement:9.8.0] AndroidManifest.xml:19:5-21:19
MERGED from [com.google.android.gms:play-services-basement:9.8.0] AndroidManifest.xml:19:5-21:19
MERGED from [com.android.support:animated-vector-drawable:25.1.0] AndroidManifest.xml:22:5-20
MERGED from [com.android.support:animated-vector-drawable:25.1.0] AndroidManifest.xml:22:5-20
MERGED from [com.android.support:support-vector-drawable:25.1.0] AndroidManifest.xml:23:5-20
MERGED from [com.android.support:support-vector-drawable:25.1.0] AndroidManifest.xml:23:5-20
MERGED from [com.android.support:support-v4:25.1.0] AndroidManifest.xml:25:5-20
MERGED from [com.android.support:support-v4:25.1.0] AndroidManifest.xml:25:5-20
MERGED from [com.android.support:support-fragment:25.1.0] AndroidManifest.xml:25:5-20
MERGED from [com.android.support:support-fragment:25.1.0] AndroidManifest.xml:25:5-20
MERGED from [com.android.support:support-media-compat:25.1.0] AndroidManifest.xml:25:5-20
MERGED from [com.android.support:support-media-compat:25.1.0] AndroidManifest.xml:25:5-20
MERGED from [com.android.support:support-core-utils:25.1.0] AndroidManifest.xml:25:5-20
MERGED from [com.android.support:support-core-utils:25.1.0] AndroidManifest.xml:25:5-20
MERGED from [com.android.support:support-core-ui:25.1.0] AndroidManifest.xml:25:5-20
MERGED from [com.android.support:support-core-ui:25.1.0] AndroidManifest.xml:25:5-20
MERGED from [com.android.support:support-compat:25.1.0] AndroidManifest.xml:25:5-20
MERGED from [com.android.support:support-compat:25.1.0] AndroidManifest.xml:25:5-20
	android:label
		ADDED from Lazy_dudes\android\AndroidManifest.xml:36:9-31
	android:icon
		ADDED from Lazy_dudes\android\AndroidManifest.xml:37:9-38
	android:allowBackup
		ADDED from Lazy_dudes\android\AndroidManifest.xml:34:9-35
	android:theme
		ADDED from Lazy_dudes\android\AndroidManifest.xml:35:9-40
activity#org.tensorflow.demo.Splash
ADDED from Lazy_dudes\android\AndroidManifest.xml:38:9-47:20
	android:screenOrientation
		ADDED from Lazy_dudes\android\AndroidManifest.xml:39:13-50
	android:theme
		ADDED from Lazy_dudes\android\AndroidManifest.xml:40:13-63
	android:name
		ADDED from Lazy_dudes\android\AndroidManifest.xml:38:19-41
intent-filter#android.intent.action.MAIN+android.intent.category.LAUNCHER
ADDED from Lazy_dudes\android\AndroidManifest.xml:42:13-46:29
action#android.intent.action.MAIN
ADDED from Lazy_dudes\android\AndroidManifest.xml:43:17-69
	android:name
		ADDED from Lazy_dudes\android\AndroidManifest.xml:43:25-66
category#android.intent.category.LAUNCHER
ADDED from Lazy_dudes\android\AndroidManifest.xml:45:17-77
	android:name
		ADDED from Lazy_dudes\android\AndroidManifest.xml:45:27-74
activity#org.tensorflow.demo.DetectorActivity
ADDED from Lazy_dudes\android\AndroidManifest.xml:48:9-54:20
	android:screenOrientation
		ADDED from Lazy_dudes\android\AndroidManifest.xml:51:13-49
	android:label
		ADDED from Lazy_dudes\android\AndroidManifest.xml:50:13-45
	android:name
		ADDED from Lazy_dudes\android\AndroidManifest.xml:49:13-45
meta-data#com.google.android.gms.vision.DEPENDENCIES
ADDED from Lazy_dudes\android\AndroidManifest.xml:56:9-58:35
	android:value
		ADDED from Lazy_dudes\android\AndroidManifest.xml:58:13-32
	android:name
		ADDED from Lazy_dudes\android\AndroidManifest.xml:57:13-70
activity#org.tensorflow.demo.MainActivity
ADDED from Lazy_dudes\android\AndroidManifest.xml:60:9-66:20
	android:parentActivityName
		ADDED from Lazy_dudes\android\AndroidManifest.xml:63:13-59
	android:configChanges
		ADDED from Lazy_dudes\android\AndroidManifest.xml:62:13-74
	android:name
		ADDED from Lazy_dudes\android\AndroidManifest.xml:61:13-41
activity#com.google.android.gms.common.api.GoogleApiActivity
ADDED from [com.google.android.gms:play-services-base:9.8.0] AndroidManifest.xml:19:9-172
	android:exported
		ADDED from [com.google.android.gms:play-services-base:9.8.0] AndroidManifest.xml:19:146-170
	android:theme
		ADDED from [com.google.android.gms:play-services-base:9.8.0] AndroidManifest.xml:19:86-145
	android:name
		ADDED from [com.google.android.gms:play-services-base:9.8.0] AndroidManifest.xml:19:19-85
meta-data#com.google.android.gms.version
ADDED from [com.google.android.gms:play-services-basement:9.8.0] AndroidManifest.xml:20:9-121
	android:value
		ADDED from [com.google.android.gms:play-services-basement:9.8.0] AndroidManifest.xml:20:66-119
	android:name
		ADDED from [com.google.android.gms:play-services-basement:9.8.0] AndroidManifest.xml:20:20-65